-------------------------------------------------------------------------------
Test set: TestSuite
-------------------------------------------------------------------------------
<<<<<<< HEAD
<<<<<<< HEAD
Tests run: 4, Failures: 0, Errors: 0, Skipped: 0, Time elapsed: 6.636 s - in TestSuite
=======
Tests run: 5, Failures: 0, Errors: 0, Skipped: 0, Time elapsed: 7.795 s - in TestSuite
>>>>>>> ecf88fe52db23be375507939a625a7272a7ffcce
=======
Tests run: 5, Failures: 0, Errors: 0, Skipped: 0, Time elapsed: 9.53 s - in TestSuite
>>>>>>> 54cf00c1fc478f4f52970ce30904b7163587f610
